<?xml version="1.0" encoding="UTF-8"?>
<testng-results skipped="0" failed="0" total="1" passed="1">
  <reporter-output>
  </reporter-output>
  <suite name="Suite" duration-ms="24425" started-at="2016-12-09T10:21:30Z" finished-at="2016-12-09T10:21:55Z">
    <groups>
    </groups>
    <test name="Test" duration-ms="24425" started-at="2016-12-09T10:21:30Z" finished-at="2016-12-09T10:21:55Z">
      <class name="Packagee.TutorialsPoint">
        <test-method status="PASS" signature="test1()[pri:0, instance:Packagee.TutorialsPoint@17cd18d]" name="test1" duration-ms="24414" started-at="2016-12-09T15:51:30Z" finished-at="2016-12-09T15:51:55Z">
          <reporter-output>
          </reporter-output>
        </test-method> <!-- test1 -->
      </class> <!-- Packagee.TutorialsPoint -->
    </test> <!-- Test -->
  </suite> <!-- Suite -->
</testng-results>
