<?xml version="1.0" encoding="UTF-8"?>
<testng-results skipped="0" failed="0" total="1" passed="1">
  <reporter-output>
  </reporter-output>
  <suite name="Default suite" duration-ms="59450" started-at="2016-12-09T10:14:57Z" finished-at="2016-12-09T10:15:56Z">
    <groups>
    </groups>
    <test name="Default test" duration-ms="59450" started-at="2016-12-09T10:14:57Z" finished-at="2016-12-09T10:15:56Z">
      <class name="Packagee.TutorialsPoint">
        <test-method status="PASS" signature="test1()[pri:0, instance:Packagee.TutorialsPoint@15e5b60]" name="test1" duration-ms="59430" started-at="2016-12-09T15:44:57Z" finished-at="2016-12-09T15:45:56Z">
          <reporter-output>
          </reporter-output>
        </test-method> <!-- test1 -->
      </class> <!-- Packagee.TutorialsPoint -->
    </test> <!-- Default test -->
  </suite> <!-- Default suite -->
</testng-results>
